/usr/bin/make 
[ rosmake ] No package specified.  Building ['ssl_sim_transceiver']             
[ rosmake ] Packages requested are: ['ssl_sim_transceiver']                     
[ rosmake ] Logging to directory/home/kadir/.ros/rosmake/rosmake_output-20110322-131544
[ rosmake ] Expanded args ['ssl_sim_transceiver'] to:
['ssl_sim_transceiver']   
[ rosmake ] Checking rosdeps compliance for packages ssl_sim_transceiver.  This may take a few seconds.
[ rosmake ] rosdep check passed all system dependencies in packages             
[rosmake-0] Starting >>> rosbuild [ make ]                                      
[rosmake-0] Finished <<< rosbuild ROS_NOBUILD in package rosbuild
 No Makefile in package rosbuild
[rosmake-1] Starting >>> cpp_common [ make ]                                    
[rosmake-1] Finished <<< cpp_common ROS_NOBUILD in package cpp_common           
[rosmake-1] Starting >>> roscpp_traits [ make ]                                 
[rosmake-1] Finished <<< roscpp_traits ROS_NOBUILD in package roscpp_traits     
[rosmake-1] Starting >>> rostime [ make ]                                       
[rosmake-0] Starting >>> roslang [ make ]                                       
[rosmake-0] Finished <<< roslang ROS_NOBUILD in package roslang
 No Makefile in package roslang
[rosmake-1] Finished <<< rostime ROS_NOBUILD in package rostime                 
[rosmake-0] Starting >>> roslib [ make ]                                        
[rosmake-0] Finished <<< roslib ROS_NOBUILD in package roslib                   
[rosmake-0] Starting >>> xmlrpcpp [ make ]                                      
[rosmake-1] Starting >>> roscpp_serialization [ make ]                          
[rosmake-1] Finished <<< roscpp_serialization ROS_NOBUILD in package roscpp_serialization
[rosmake-0] Finished <<< xmlrpcpp ROS_NOBUILD in package xmlrpcpp               
[rosmake-1] Starting >>> rosconsole [ make ]                                    
[rosmake-1] Finished <<< rosconsole ROS_NOBUILD in package rosconsole           
[rosmake-1] Starting >>> std_msgs [ make ]                                      
[rosmake-1] Finished <<< std_msgs ROS_NOBUILD in package std_msgs               
[rosmake-1] Starting >>> rosgraph_msgs [ make ]                                 
[rosmake-1] Finished <<< rosgraph_msgs ROS_NOBUILD in package rosgraph_msgs     
[ rosmake ] [ make ] [ xmlrpcpp: 0.0 sec ]           [ 1 Active 11/27 Complete ]
[rosmake-1] Starting >>> rospy [ make ]                                         
[rosmake-1] Finished <<< rospy ROS_NOBUILD in package rospy                     
[rosmake-1] Starting >>> rosclean [ make ]                                      
[rosmake-1] Finished <<< rosclean ROS_NOBUILD in package rosclean               
[rosmake-1] Starting >>> rosgraph [ make ]                                      
[rosmake-1] Finished <<< rosgraph ROS_NOBUILD in package rosgraph               
[rosmake-1] Starting >>> rosmaster [ make ]                                     
[rosmake-1] Finished <<< rosmaster ROS_NOBUILD in package rosmaster             
[rosmake-1] Starting >>> rosunit [ make ]                                       
[rosmake-1] Finished <<< rosunit ROS_NOBUILD in package rosunit                 
[ rosmake ] [ make ] [ xmlrpcpp: 0.1 sec ]           [ 1 Active 16/27 Complete ]
[rosmake-0] Starting >>> roscpp [ make ]                                        
[rosmake-0] Finished <<< roscpp ROS_NOBUILD in package roscpp                   
[rosmake-0] Starting >>> rosout [ make ]                                        
[rosmake-0] Finished <<< rosout ROS_NOBUILD in package rosout                   
[rosmake-0] Starting >>> roslaunch [ make ]                                     
[rosmake-0] Finished <<< roslaunch ROS_NOBUILD in package roslaunch
 No Makefile in package roslaunch
[rosmake-0] Starting >>> rostest [ make ]                                       
[rosmake-0] Finished <<< rostest ROS_NOBUILD in package rostest                 
[rosmake-0] Starting >>> topic_tools [ make ]                                   
[rosmake-0] Finished <<< topic_tools ROS_NOBUILD in package topic_tools         
[rosmake-0] Starting >>> rosbag [ make ]                                        
[rosmake-0] Finished <<< rosbag ROS_NOBUILD in package rosbag                   
[rosmake-0] Starting >>> rosbagmigration [ make ]                               
[rosmake-0] Finished <<< rosbagmigration ROS_NOBUILD in package rosbagmigration
 No Makefile in package rosbagmigration
[rosmake-0] Starting >>> geometry_msgs [ make ]                                 
[rosmake-0] Finished <<< geometry_msgs ROS_NOBUILD in package geometry_msgs     
[rosmake-0] Starting >>> ssl_msgs [ make ]                                      
[rosmake-0] Finished <<< ssl_msgs ROS_NOBUILD in package ssl_msgs               
[rosmake-0] Starting >>> ssl_sim_transceiver [ make ]                           
[ rosmake ] [ make ] [ ssl_sim_transceiver: 0.1 s... [ 1 Active 26/27 Complete ]
[ rosmake ] [ make ] [ ssl_sim_transceiver: 0.2 s... [ 1 Active 26/27 Complete ]
[ rosmake ] [ make ] [ ssl_sim_transceiver: 0.3 s... [ 1 Active 26/27 Complete ]
[ rosmake ] [ make ] [ ssl_sim_transceiver: 0.4 s... [ 1 Active 26/27 Complete ]
[ rosmake ] [ make ] [ ssl_sim_transceiver: 0.5 s... [ 1 Active 26/27 Complete ]
[ rosmake ] [ make ] [ ssl_sim_transceiver: 0.6 s... [ 1 Active 26/27 Complete ]
[ rosmake ] [ make ] [ ssl_sim_transceiver: 0.7 s... [ 1 Active 26/27 Complete ]
[ rosmake ] [ make ] [ ssl_sim_transceiver: 0.8 s... [ 1 Active 26/27 Complete ]
[ rosmake ] [ make ] [ ssl_sim_transceiver: 0.9 s... [ 1 Active 26/27 Complete ]
[ rosmake ] [ make ] [ ssl_sim_transceiver: 1.0 s... [ 1 Active 26/27 Complete ]
[ rosmake ] [ make ] [ ssl_sim_transceiver: 1.1 s... [ 1 Active 26/27 Complete ]
[ rosmake ] [ make ] [ ssl_sim_transceiver: 1.2 s... [ 1 Active 26/27 Complete ]
[ rosmake ] [ make ] [ ssl_sim_transceiver: 1.3 s... [ 1 Active 26/27 Complete ]
[ rosmake ] [ make ] [ ssl_sim_transceiver: 1.4 s... [ 1 Active 26/27 Complete ]
[ rosmake ] [ make ] [ ssl_sim_transceiver: 1.5 s... [ 1 Active 26/27 Complete ]
[ rosmake ] [ make ] [ ssl_sim_transceiver: 1.6 s... [ 1 Active 26/27 Complete ]
[ rosmake ] [ make ] [ ssl_sim_transceiver: 1.7 s... [ 1 Active 26/27 Complete ]
[ rosmake ] [ make ] [ ssl_sim_transceiver: 1.8 s... [ 1 Active 26/27 Complete ]
[ rosmake ] [ make ] [ ssl_sim_transceiver: 1.9 s... [ 1 Active 26/27 Complete ]
[ rosmake ] [ make ] [ ssl_sim_transceiver: 2.0 s... [ 1 Active 26/27 Complete ]
[ rosmake ] [ make ] [ ssl_sim_transceiver: 2.1 s... [ 1 Active 26/27 Complete ]
[ rosmake ] [ make ] [ ssl_sim_transceiver: 2.2 s... [ 1 Active 26/27 Complete ]
[ rosmake ] [ make ] [ ssl_sim_transceiver: 2.3 s... [ 1 Active 26/27 Complete ]
[ rosmake ] [ make ] [ ssl_sim_transceiver: 2.4 s... [ 1 Active 26/27 Complete ]
[ rosmake ] [ make ] [ ssl_sim_transceiver: 2.5 s... [ 1 Active 26/27 Complete ]
[ rosmake ] [ make ] [ ssl_sim_transceiver: 2.6 s... [ 1 Active 26/27 Complete ]
[ rosmake ] [ make ] [ ssl_sim_transceiver: 2.7 s... [ 1 Active 26/27 Complete ]
[ rosmake ] [ make ] [ ssl_sim_transceiver: 2.8 s... [ 1 Active 26/27 Complete ]
[ rosmake ] [ make ] [ ssl_sim_transceiver: 2.9 s... [ 1 Active 26/27 Complete ]
[ rosmake ] [ make ] [ ssl_sim_transceiver: 3.0 s... [ 1 Active 26/27 Complete ]
[ rosmake ] [ make ] [ ssl_sim_transceiver: 3.1 s... [ 1 Active 26/27 Complete ]
[ rosmake ] [ make ] [ ssl_sim_transceiver: 3.2 s... [ 1 Active 26/27 Complete ]
[ rosmake ] [ make ] [ ssl_sim_transceiver: 3.3 s... [ 1 Active 26/27 Complete ]
[ rosmake ] [ make ] [ ssl_sim_transceiver: 3.4 s... [ 1 Active 26/27 Complete ]
[ rosmake ] [ make ] [ ssl_sim_transceiver: 3.5 s... [ 1 Active 26/27 Complete ]
[ rosmake ] [ make ] [ ssl_sim_transceiver: 3.6 s... [ 1 Active 26/27 Complete ]
[ rosmake ] [ make ] [ ssl_sim_transceiver: 3.7 s... [ 1 Active 26/27 Complete ]
[ rosmake ] [ make ] [ ssl_sim_transceiver: 3.8 s... [ 1 Active 26/27 Complete ]
[ rosmake ] [ make ] [ ssl_sim_transceiver: 3.9 s... [ 1 Active 26/27 Complete ]
[ rosmake ] [ make ] [ ssl_sim_transceiver: 4.0 s... [ 1 Active 26/27 Complete ]
[ rosmake ] [ make ] [ ssl_sim_transceiver: 4.1 s... [ 1 Active 26/27 Complete ]
[ rosmake ] [ make ] [ ssl_sim_transceiver: 4.2 s... [ 1 Active 26/27 Complete ]
[ rosmake ] [ make ] [ ssl_sim_transceiver: 4.3 s... [ 1 Active 26/27 Complete ]
[ rosmake ] [ make ] [ ssl_sim_transceiver: 4.4 s... [ 1 Active 26/27 Complete ]
[ rosmake ] [ make ] [ ssl_sim_transceiver: 4.5 s... [ 1 Active 26/27 Complete ]
[ rosmake ] [ make ] [ ssl_sim_transceiver: 4.6 s... [ 1 Active 26/27 Complete ]
[ rosmake ] [ make ] [ ssl_sim_transceiver: 4.7 s... [ 1 Active 26/27 Complete ]
[ rosmake ] [ make ] [ ssl_sim_transceiver: 4.8 s... [ 1 Active 26/27 Complete ]
[ rosmake ] [ make ] [ ssl_sim_transceiver: 4.9 s... [ 1 Active 26/27 Complete ]
[ rosmake ] [ make ] [ ssl_sim_transceiver: 5.0 s... [ 1 Active 26/27 Complete ]
[ rosmake ] [ make ] [ ssl_sim_transceiver: 5.1 s... [ 1 Active 26/27 Complete ]
[ rosmake ] [ make ] [ ssl_sim_transceiver: 5.2 s... [ 1 Active 26/27 Complete ]
[ rosmake ] [ make ] [ ssl_sim_transceiver: 5.3 s... [ 1 Active 26/27 Complete ]
[ rosmake ] [ make ] [ ssl_sim_transceiver: 5.4 s... [ 1 Active 26/27 Complete ]
[ rosmake ] [ make ] [ ssl_sim_transceiver: 5.5 s... [ 1 Active 26/27 Complete ]
[ rosmake ] [ make ] [ ssl_sim_transceiver: 5.6 s... [ 1 Active 26/27 Complete ]
[ rosmake ] [ make ] [ ssl_sim_transceiver: 5.7 s... [ 1 Active 26/27 Complete ]
[ rosmake ] [ make ] [ ssl_sim_transceiver: 5.8 s... [ 1 Active 26/27 Complete ]
[ rosmake ] [ make ] [ ssl_sim_transceiver: 5.9 s... [ 1 Active 26/27 Complete ]
[ rosmake ] [ make ] [ ssl_sim_transceiver: 6.0 s... [ 1 Active 26/27 Complete ]
[ rosmake ] [ make ] [ ssl_sim_transceiver: 6.1 s... [ 1 Active 26/27 Complete ]
[ rosmake ] [ make ] [ ssl_sim_transceiver: 6.2 s... [ 1 Active 26/27 Complete ]
[ rosmake ] [ make ] [ ssl_sim_transceiver: 6.3 s... [ 1 Active 26/27 Complete ]
[ rosmake ] [ make ] [ ssl_sim_transceiver: 6.4 s... [ 1 Active 26/27 Complete ]
[ rosmake ] [ make ] [ ssl_sim_transceiver: 6.5 s... [ 1 Active 26/27 Complete ]
[ rosmake ] [ make ] [ ssl_sim_transceiver: 6.6 s... [ 1 Active 26/27 Complete ]
[ rosmake ] [ make ] [ ssl_sim_transceiver: 6.7 s... [ 1 Active 26/27 Complete ]
[ rosmake ] [ make ] [ ssl_sim_transceiver: 6.8 s... [ 1 Active 26/27 Complete ]
[ rosmake ] [ make ] [ ssl_sim_transceiver: 6.9 s... [ 1 Active 26/27 Complete ]
[ rosmake ] [ make ] [ ssl_sim_transceiver: 7.0 s... [ 1 Active 26/27 Complete ]
[ rosmake ] [ make ] [ ssl_sim_transceiver: 7.1 s... [ 1 Active 26/27 Complete ]
[ rosmake ] [ make ] [ ssl_sim_transceiver: 7.2 s... [ 1 Active 26/27 Complete ]
[ rosmake ] [ make ] [ ssl_sim_transceiver: 7.3 s... [ 1 Active 26/27 Complete ]
[ rosmake ] [ make ] [ ssl_sim_transceiver: 7.4 s... [ 1 Active 26/27 Complete ]
[ rosmake ] [ make ] [ ssl_sim_transceiver: 7.5 s... [ 1 Active 26/27 Complete ]
[ rosmake ] [ make ] [ ssl_sim_transceiver: 7.6 s... [ 1 Active 26/27 Complete ]
[ rosmake ] [ make ] [ ssl_sim_transceiver: 7.7 s... [ 1 Active 26/27 Complete ]
[ rosmake ] [ make ] [ ssl_sim_transceiver: 7.8 s... [ 1 Active 26/27 Complete ]
[ rosmake ] [ make ] [ ssl_sim_transceiver: 7.9 s... [ 1 Active 26/27 Complete ]
[ rosmake ] [ make ] [ ssl_sim_transceiver: 8.0 s... [ 1 Active 26/27 Complete ]
[ rosmake ] [ make ] [ ssl_sim_transceiver: 8.1 s... [ 1 Active 26/27 Complete ]
[ rosmake ] [ make ] [ ssl_sim_transceiver: 8.2 s... [ 1 Active 26/27 Complete ]
[ rosmake ] [ make ] [ ssl_sim_transceiver: 8.3 s... [ 1 Active 26/27 Complete ]
[ rosmake ] [ make ] [ ssl_sim_transceiver: 8.4 s... [ 1 Active 26/27 Complete ]
[ rosmake ] [ make ] [ ssl_sim_transceiver: 8.5 s... [ 1 Active 26/27 Complete ]
[ rosmake ] [ make ] [ ssl_sim_transceiver: 8.6 s... [ 1 Active 26/27 Complete ]
[ rosmake ] [ make ] [ ssl_sim_transceiver: 8.7 s... [ 1 Active 26/27 Complete ]
[ rosmake ] [ make ] [ ssl_sim_transceiver: 8.8 s... [ 1 Active 26/27 Complete ]
[ rosmake ] [ make ] [ ssl_sim_transceiver: 8.9 s... [ 1 Active 26/27 Complete ]
[ rosmake ] [ make ] [ ssl_sim_transceiver: 9.0 s... [ 1 Active 26/27 Complete ]
[ rosmake ] [ make ] [ ssl_sim_transceiver: 9.1 s... [ 1 Active 26/27 Complete ]
[ rosmake ] [ make ] [ ssl_sim_transceiver: 9.2 s... [ 1 Active 26/27 Complete ]
[ rosmake ] [ make ] [ ssl_sim_transceiver: 9.3 s... [ 1 Active 26/27 Complete ]
[ rosmake ] Output from build of package ssl_sim_transceiver written to:
[ rosmake ]    /home/kadir/.ros/rosmake/rosmake_output-20110322-131544/ssl_sim_transceiver/build_output.log
[rosmake-0] Finished <<< ssl_sim_transceiver [PASS] [ 9.38 seconds ] -- WARNING: 1 compiler warnings
[ rosmake ] Results:                                                            
[ rosmake ] Built 27 packages with 0 failures.                                  
[ rosmake ] Summary output to directory                                         
[ rosmake ] /home/kadir/.ros/rosmake/rosmake_output-20110322-131544             
