make 
[ rosmake ] No package specified.  Building ['ssl_sim_vision']                  
[ rosmake ] Packages requested are: ['ssl_sim_vision']                          
[ rosmake ] Logging to directory/home/kadir/.ros/rosmake/rosmake_output-20110319-225658
[ rosmake ] Expanded args ['ssl_sim_vision'] to:
['ssl_sim_vision']             
[ rosmake ] Checking rosdeps compliance for packages ssl_sim_vision.  This may take a few seconds.
[ rosmake ] rosdep check passed all system dependencies in packages             
[rosmake-0] Starting >>> rosbuild [ make ]                                      
[rosmake-0] Finished <<< rosbuild ROS_NOBUILD in package rosbuild
 No Makefile in package rosbuild
[rosmake-1] Starting >>> cpp_common [ make ]                                    
[rosmake-1] Finished <<< cpp_common ROS_NOBUILD in package cpp_common           
[rosmake-1] Starting >>> roscpp_traits [ make ]                                 
[rosmake-1] Finished <<< roscpp_traits ROS_NOBUILD in package roscpp_traits     
[rosmake-1] Starting >>> rostime [ make ]                                       
[rosmake-1] Finished <<< rostime ROS_NOBUILD in package rostime                 
[rosmake-1] Starting >>> roscpp_serialization [ make ]                          
[rosmake-1] Finished <<< roscpp_serialization ROS_NOBUILD in package roscpp_serialization
[ rosmake ] [ make ] [ rosbuild: 0.1 sec ]            [ 1 Active 5/27 Complete ]
[rosmake-1] Starting >>> roslib [ make ]                                        
[rosmake-1] Finished <<< roslib ROS_NOBUILD in package roslib                   
[rosmake-1] Starting >>> xmlrpcpp [ make ]                                      
[rosmake-1] Finished <<< xmlrpcpp ROS_NOBUILD in package xmlrpcpp               
[rosmake-1] Starting >>> rosconsole [ make ]                                    
[rosmake-1] Finished <<< rosconsole ROS_NOBUILD in package rosconsole           
[rosmake-1] Starting >>> std_msgs [ make ]                                      
[rosmake-1] Finished <<< std_msgs ROS_NOBUILD in package std_msgs               
[rosmake-1] Starting >>> rosgraph_msgs [ make ]                                 
[rosmake-1] Finished <<< rosgraph_msgs ROS_NOBUILD in package rosgraph_msgs     
[rosmake-1] Starting >>> rosclean [ make ]                                      
[rosmake-1] Finished <<< rosclean ROS_NOBUILD in package rosclean               
[ rosmake ] [ make ] [ rosbuild: 0.2 sec ]           [ 1 Active 11/27 Complete ]
[rosmake-1] Starting >>> rosgraph [ make ]                                      
[rosmake-1] Finished <<< rosgraph ROS_NOBUILD in package rosgraph               
[rosmake-1] Starting >>> rosmaster [ make ]                                     
[rosmake-1] Finished <<< rosmaster ROS_NOBUILD in package rosmaster             
[rosmake-1] Starting >>> rosunit [ make ]                                       
[rosmake-1] Finished <<< rosunit ROS_NOBUILD in package rosunit                 
[ rosmake ] [ make ] [ rosbuild: 0.3 sec ]           [ 1 Active 14/27 Complete ]
[rosmake-0] Starting >>> roslang [ make ]                                       
[rosmake-0] Finished <<< roslang ROS_NOBUILD in package roslang
 No Makefile in package roslang
[rosmake-0] Starting >>> roscpp [ make ]                                        
[rosmake-0] Finished <<< roscpp ROS_NOBUILD in package roscpp                   
[rosmake-0] Starting >>> rospy [ make ]                                         
[rosmake-0] Finished <<< rospy ROS_NOBUILD in package rospy                     
[rosmake-0] Starting >>> rosout [ make ]                                        
[rosmake-0] Finished <<< rosout ROS_NOBUILD in package rosout                   
[rosmake-0] Starting >>> roslaunch [ make ]                                     
[rosmake-0] Finished <<< roslaunch ROS_NOBUILD in package roslaunch
 No Makefile in package roslaunch
[rosmake-0] Starting >>> rostest [ make ]                                       
[rosmake-0] Finished <<< rostest ROS_NOBUILD in package rostest                 
[rosmake-0] Starting >>> topic_tools [ make ]                                   
[rosmake-0] Finished <<< topic_tools ROS_NOBUILD in package topic_tools         
[rosmake-0] Starting >>> rosbag [ make ]                                        
[rosmake-0] Finished <<< rosbag ROS_NOBUILD in package rosbag                   
[rosmake-0] Starting >>> rosbagmigration [ make ]                               
[rosmake-0] Finished <<< rosbagmigration ROS_NOBUILD in package rosbagmigration
 No Makefile in package rosbagmigration
[rosmake-0] Starting >>> geometry_msgs [ make ]                                 
[rosmake-0] Finished <<< geometry_msgs ROS_NOBUILD in package geometry_msgs     
[rosmake-0] Starting >>> ssl_msgs [ make ]                                      
[rosmake-0] Finished <<< ssl_msgs ROS_NOBUILD in package ssl_msgs               
[rosmake-0] Starting >>> ssl_sim_vision [ make ]                                
[ rosmake ] [ make ] [ ssl_sim_vision: 0.0 sec ]     [ 1 Active 26/27 Complete ]
[ rosmake ] [ make ] [ ssl_sim_vision: 0.1 sec ]     [ 1 Active 26/27 Complete ]
[ rosmake ] [ make ] [ ssl_sim_vision: 0.2 sec ]     [ 1 Active 26/27 Complete ]
[ rosmake ] [ make ] [ ssl_sim_vision: 0.3 sec ]     [ 1 Active 26/27 Complete ]
[ rosmake ] [ make ] [ ssl_sim_vision: 0.4 sec ]     [ 1 Active 26/27 Complete ]
[ rosmake ] [ make ] [ ssl_sim_vision: 0.5 sec ]     [ 1 Active 26/27 Complete ]
[ rosmake ] [ make ] [ ssl_sim_vision: 0.6 sec ]     [ 1 Active 26/27 Complete ]
[ rosmake ] [ make ] [ ssl_sim_vision: 0.7 sec ]     [ 1 Active 26/27 Complete ]
[ rosmake ] [ make ] [ ssl_sim_vision: 0.8 sec ]     [ 1 Active 26/27 Complete ]
[ rosmake ] [ make ] [ ssl_sim_vision: 0.9 sec ]     [ 1 Active 26/27 Complete ]
[ rosmake ] [ make ] [ ssl_sim_vision: 1.0 sec ]     [ 1 Active 26/27 Complete ]
[ rosmake ] [ make ] [ ssl_sim_vision: 1.1 sec ]     [ 1 Active 26/27 Complete ]
[ rosmake ] [ make ] [ ssl_sim_vision: 1.2 sec ]     [ 1 Active 26/27 Complete ]
[ rosmake ] [ make ] [ ssl_sim_vision: 1.3 sec ]     [ 1 Active 26/27 Complete ]
[ rosmake ] [ make ] [ ssl_sim_vision: 1.4 sec ]     [ 1 Active 26/27 Complete ]
[ rosmake ] [ make ] [ ssl_sim_vision: 1.5 sec ]     [ 1 Active 26/27 Complete ]
[ rosmake ] [ make ] [ ssl_sim_vision: 1.6 sec ]     [ 1 Active 26/27 Complete ]
[ rosmake ] [ make ] [ ssl_sim_vision: 1.7 sec ]     [ 1 Active 26/27 Complete ]
[ rosmake ] [ make ] [ ssl_sim_vision: 1.8 sec ]     [ 1 Active 26/27 Complete ]
[ rosmake ] [ make ] [ ssl_sim_vision: 1.9 sec ]     [ 1 Active 26/27 Complete ]
[ rosmake ] [ make ] [ ssl_sim_vision: 2.0 sec ]     [ 1 Active 26/27 Complete ]
[ rosmake ] [ make ] [ ssl_sim_vision: 2.1 sec ]     [ 1 Active 26/27 Complete ]
[ rosmake ] [ make ] [ ssl_sim_vision: 2.2 sec ]     [ 1 Active 26/27 Complete ]
[ rosmake ] [ make ] [ ssl_sim_vision: 2.3 sec ]     [ 1 Active 26/27 Complete ]
[ rosmake ] [ make ] [ ssl_sim_vision: 2.4 sec ]     [ 1 Active 26/27 Complete ]
[ rosmake ] [ make ] [ ssl_sim_vision: 2.5 sec ]     [ 1 Active 26/27 Complete ]
[ rosmake ] [ make ] [ ssl_sim_vision: 2.6 sec ]     [ 1 Active 26/27 Complete ]
[ rosmake ] [ make ] [ ssl_sim_vision: 2.7 sec ]     [ 1 Active 26/27 Complete ]
[ rosmake ] [ make ] [ ssl_sim_vision: 2.8 sec ]     [ 1 Active 26/27 Complete ]
[ rosmake ] [ make ] [ ssl_sim_vision: 2.9 sec ]     [ 1 Active 26/27 Complete ]
[ rosmake ] [ make ] [ ssl_sim_vision: 3.0 sec ]     [ 1 Active 26/27 Complete ]
[ rosmake ] [ make ] [ ssl_sim_vision: 3.1 sec ]     [ 1 Active 26/27 Complete ]
[ rosmake ] [ make ] [ ssl_sim_vision: 3.2 sec ]     [ 1 Active 26/27 Complete ]
[ rosmake ] [ make ] [ ssl_sim_vision: 3.3 sec ]     [ 1 Active 26/27 Complete ]
[ rosmake ] [ make ] [ ssl_sim_vision: 3.4 sec ]     [ 1 Active 26/27 Complete ]
[ rosmake ] [ make ] [ ssl_sim_vision: 3.5 sec ]     [ 1 Active 26/27 Complete ]
[ rosmake ] [ make ] [ ssl_sim_vision: 3.6 sec ]     [ 1 Active 26/27 Complete ]
[ rosmake ] [ make ] [ ssl_sim_vision: 3.7 sec ]     [ 1 Active 26/27 Complete ]
[ rosmake ] [ make ] [ ssl_sim_vision: 3.8 sec ]     [ 1 Active 26/27 Complete ]
[ rosmake ] [ make ] [ ssl_sim_vision: 3.9 sec ]     [ 1 Active 26/27 Complete ]
[ rosmake ] [ make ] [ ssl_sim_vision: 4.0 sec ]     [ 1 Active 26/27 Complete ]
[ rosmake ] [ make ] [ ssl_sim_vision: 4.1 sec ]     [ 1 Active 26/27 Complete ]
[ rosmake ] [ make ] [ ssl_sim_vision: 4.2 sec ]     [ 1 Active 26/27 Complete ]
[ rosmake ] [ make ] [ ssl_sim_vision: 4.3 sec ]     [ 1 Active 26/27 Complete ]
[ rosmake ] [ make ] [ ssl_sim_vision: 4.4 sec ]     [ 1 Active 26/27 Complete ]
[ rosmake ] [ make ] [ ssl_sim_vision: 4.5 sec ]     [ 1 Active 26/27 Complete ]
[ rosmake ] [ make ] [ ssl_sim_vision: 4.6 sec ]     [ 1 Active 26/27 Complete ]
[ rosmake ] [ make ] [ ssl_sim_vision: 4.7 sec ]     [ 1 Active 26/27 Complete ]
[ rosmake ] [ make ] [ ssl_sim_vision: 4.8 sec ]     [ 1 Active 26/27 Complete ]
[ rosmake ] [ make ] [ ssl_sim_vision: 4.9 sec ]     [ 1 Active 26/27 Complete ]
[ rosmake ] [ make ] [ ssl_sim_vision: 5.0 sec ]     [ 1 Active 26/27 Complete ]
[ rosmake ] [ make ] [ ssl_sim_vision: 5.2 sec ]     [ 1 Active 26/27 Complete ]
[ rosmake ] [ make ] [ ssl_sim_vision: 5.3 sec ]     [ 1 Active 26/27 Complete ]
[ rosmake ] [ make ] [ ssl_sim_vision: 5.4 sec ]     [ 1 Active 26/27 Complete ]
[ rosmake ] [ make ] [ ssl_sim_vision: 5.5 sec ]     [ 1 Active 26/27 Complete ]
[ rosmake ] [ make ] [ ssl_sim_vision: 5.6 sec ]     [ 1 Active 26/27 Complete ]
[ rosmake ] [ make ] [ ssl_sim_vision: 5.7 sec ]     [ 1 Active 26/27 Complete ]
[ rosmake ] [ make ] [ ssl_sim_vision: 5.8 sec ]     [ 1 Active 26/27 Complete ]
[ rosmake ] [ make ] [ ssl_sim_vision: 5.9 sec ]     [ 1 Active 26/27 Complete ]
[ rosmake ] [ make ] [ ssl_sim_vision: 6.0 sec ]     [ 1 Active 26/27 Complete ]
[ rosmake ] [ make ] [ ssl_sim_vision: 6.1 sec ]     [ 1 Active 26/27 Complete ]
[ rosmake ] Output from build of package ssl_sim_vision written to:
[ rosmake ]    /home/kadir/.ros/rosmake/rosmake_output-20110319-225658/ssl_sim_vision/build_output.log
[rosmake-0] Finished <<< ssl_sim_vision [PASS] [ 6.08 seconds ] -- WARNING: 3 compiler warnings
[ rosmake ] Results:                                                            
[ rosmake ] Built 27 packages with 0 failures.                                  
[ rosmake ] Summary output to directory                                         
[ rosmake ] /home/kadir/.ros/rosmake/rosmake_output-20110319-225658             
