/usr/bin/make 
mkdir -p bin
cd build && cmake -Wdev -DCMAKE_TOOLCHAIN_FILE=`rospack find rosbuild`/rostoolchain.cmake  ..
[rosbuild] Building package ssl_sim_refree
[rosbuild] Including /opt/ros/diamondback/stacks/ros_comm/clients/rospy/cmake/rospy.cmake
[rosbuild] Including /opt/ros/diamondback/stacks/ros_comm/clients/roslisp/cmake/roslisp.cmake
[rosbuild] Including /opt/ros/diamondback/stacks/ros_comm/clients/cpp/roscpp/cmake/roscpp.cmake
-- Configuring done
-- Generating done
-- Build files have been written to: /home/kadir/interconnection/workspace/robocup/system_design/robocup_ssl/ssl_sim_refree/build
cd build && /usr/bin/make 
make[1]: Entering directory `/home/kadir/interconnection/workspace/robocup/system_design/robocup_ssl/ssl_sim_refree/build'
/usr/bin/cmake -H/home/kadir/interconnection/workspace/robocup/system_design/robocup_ssl/ssl_sim_refree -B/home/kadir/interconnection/workspace/robocup/system_design/robocup_ssl/ssl_sim_refree/build --check-build-system CMakeFiles/Makefile.cmake 0
/usr/bin/cmake -E cmake_progress_start /home/kadir/interconnection/workspace/robocup/system_design/robocup_ssl/ssl_sim_refree/build/CMakeFiles /home/kadir/interconnection/workspace/robocup/system_design/robocup_ssl/ssl_sim_refree/build/CMakeFiles/progress.marks
/usr/bin/make -f CMakeFiles/Makefile2 all
make[2]: Entering directory `/home/kadir/interconnection/workspace/robocup/system_design/robocup_ssl/ssl_sim_refree/build'
/usr/bin/make -f CMakeFiles/rospack_genmsg_libexe.dir/build.make CMakeFiles/rospack_genmsg_libexe.dir/depend
make[3]: Entering directory `/home/kadir/interconnection/workspace/robocup/system_design/robocup_ssl/ssl_sim_refree/build'
cd /home/kadir/interconnection/workspace/robocup/system_design/robocup_ssl/ssl_sim_refree/build && /usr/bin/cmake -E cmake_depends "Unix Makefiles" /home/kadir/interconnection/workspace/robocup/system_design/robocup_ssl/ssl_sim_refree /home/kadir/interconnection/workspace/robocup/system_design/robocup_ssl/ssl_sim_refree /home/kadir/interconnection/workspace/robocup/system_design/robocup_ssl/ssl_sim_refree/build /home/kadir/interconnection/workspace/robocup/system_design/robocup_ssl/ssl_sim_refree/build /home/kadir/interconnection/workspace/robocup/system_design/robocup_ssl/ssl_sim_refree/build/CMakeFiles/rospack_genmsg_libexe.dir/DependInfo.cmake --color=
Scanning dependencies of target rospack_genmsg_libexe
make[3]: Leaving directory `/home/kadir/interconnection/workspace/robocup/system_design/robocup_ssl/ssl_sim_refree/build'
/usr/bin/make -f CMakeFiles/rospack_genmsg_libexe.dir/build.make CMakeFiles/rospack_genmsg_libexe.dir/build
make[3]: Entering directory `/home/kadir/interconnection/workspace/robocup/system_design/robocup_ssl/ssl_sim_refree/build'
make[3]: Nothing to be done for `CMakeFiles/rospack_genmsg_libexe.dir/build'.
make[3]: Leaving directory `/home/kadir/interconnection/workspace/robocup/system_design/robocup_ssl/ssl_sim_refree/build'
/usr/bin/cmake -E cmake_progress_report /home/kadir/interconnection/workspace/robocup/system_design/robocup_ssl/ssl_sim_refree/build/CMakeFiles 
[  0%] Built target rospack_genmsg_libexe
/usr/bin/make -f CMakeFiles/rosbuild_precompile.dir/build.make CMakeFiles/rosbuild_precompile.dir/depend
make[3]: Entering directory `/home/kadir/interconnection/workspace/robocup/system_design/robocup_ssl/ssl_sim_refree/build'
cd /home/kadir/interconnection/workspace/robocup/system_design/robocup_ssl/ssl_sim_refree/build && /usr/bin/cmake -E cmake_depends "Unix Makefiles" /home/kadir/interconnection/workspace/robocup/system_design/robocup_ssl/ssl_sim_refree /home/kadir/interconnection/workspace/robocup/system_design/robocup_ssl/ssl_sim_refree /home/kadir/interconnection/workspace/robocup/system_design/robocup_ssl/ssl_sim_refree/build /home/kadir/interconnection/workspace/robocup/system_design/robocup_ssl/ssl_sim_refree/build /home/kadir/interconnection/workspace/robocup/system_design/robocup_ssl/ssl_sim_refree/build/CMakeFiles/rosbuild_precompile.dir/DependInfo.cmake --color=
Scanning dependencies of target rosbuild_precompile
make[3]: Leaving directory `/home/kadir/interconnection/workspace/robocup/system_design/robocup_ssl/ssl_sim_refree/build'
/usr/bin/make -f CMakeFiles/rosbuild_precompile.dir/build.make CMakeFiles/rosbuild_precompile.dir/build
make[3]: Entering directory `/home/kadir/interconnection/workspace/robocup/system_design/robocup_ssl/ssl_sim_refree/build'
make[3]: Nothing to be done for `CMakeFiles/rosbuild_precompile.dir/build'.
make[3]: Leaving directory `/home/kadir/interconnection/workspace/robocup/system_design/robocup_ssl/ssl_sim_refree/build'
/usr/bin/cmake -E cmake_progress_report /home/kadir/interconnection/workspace/robocup/system_design/robocup_ssl/ssl_sim_refree/build/CMakeFiles 
[  0%] Built target rosbuild_precompile
/usr/bin/make -f CMakeFiles/ssl_sim_referee.dir/build.make CMakeFiles/ssl_sim_referee.dir/depend
make[3]: Entering directory `/home/kadir/interconnection/workspace/robocup/system_design/robocup_ssl/ssl_sim_refree/build'
cd /home/kadir/interconnection/workspace/robocup/system_design/robocup_ssl/ssl_sim_refree/build && /usr/bin/cmake -E cmake_depends "Unix Makefiles" /home/kadir/interconnection/workspace/robocup/system_design/robocup_ssl/ssl_sim_refree /home/kadir/interconnection/workspace/robocup/system_design/robocup_ssl/ssl_sim_refree /home/kadir/interconnection/workspace/robocup/system_design/robocup_ssl/ssl_sim_refree/build /home/kadir/interconnection/workspace/robocup/system_design/robocup_ssl/ssl_sim_refree/build /home/kadir/interconnection/workspace/robocup/system_design/robocup_ssl/ssl_sim_refree/build/CMakeFiles/ssl_sim_referee.dir/DependInfo.cmake --color=
Scanning dependencies of target ssl_sim_referee
make[3]: Leaving directory `/home/kadir/interconnection/workspace/robocup/system_design/robocup_ssl/ssl_sim_refree/build'
/usr/bin/make -f CMakeFiles/ssl_sim_referee.dir/build.make CMakeFiles/ssl_sim_referee.dir/build
make[3]: Entering directory `/home/kadir/interconnection/workspace/robocup/system_design/robocup_ssl/ssl_sim_refree/build'
/usr/bin/cmake -E cmake_progress_report /home/kadir/interconnection/workspace/robocup/system_design/robocup_ssl/ssl_sim_refree/build/CMakeFiles 1
[ 50%] Building CXX object CMakeFiles/ssl_sim_referee.dir/src/main.o
/usr/bin/c++    -O2 -g -I/home/kadir/interconnection/workspace/robocup/system_design/robocup_ssl/ssl_sim_refree/include -I/home/kadir/interconnection/workspace/robocup/system_design/robocup_ssl/ssl_msgs/msg_gen/cpp/include -I/opt/ros/diamondback/stacks/common_msgs/geometry_msgs/msg_gen/cpp/include -I/opt/ros/diamondback/stacks/ros_comm/tools/rosbag/include -I/opt/ros/diamondback/stacks/ros_comm/tools/topic_tools/include -I/opt/ros/diamondback/stacks/ros_comm/tools/topic_tools/srv_gen/cpp/include -I/opt/ros/diamondback/stacks/ros_comm/tools/rostest/include -I/opt/ros/diamondback/stacks/ros_comm/clients/cpp/roscpp/include -I/opt/ros/diamondback/stacks/ros_comm/clients/cpp/roscpp/msg_gen/cpp/include -I/opt/ros/diamondback/stacks/ros_comm/clients/cpp/roscpp/srv_gen/cpp/include -I/opt/ros/diamondback/stacks/ros_comm/clients/cpp/roscpp_serialization/include -I/opt/ros/diamondback/stacks/ros_comm/clients/cpp/roscpp_traits/include -I/opt/ros/diamondback/stacks/ros_comm/utilities/xmlrpcpp/src -I/opt/ros/diamondback/stacks/ros_comm/messages/std_msgs/include -I/opt/ros/diamondback/stacks/ros_comm/messages/std_msgs/msg_gen/cpp/include -I/opt/ros/diamondback/stacks/ros_comm/tools/rosconsole/include -I/opt/ros/diamondback/stacks/ros_comm/utilities/rostime/include -I/opt/ros/diamondback/stacks/ros_comm/utilities/cpp_common/include -I/opt/ros/diamondback/stacks/ros_comm/messages/rosgraph_msgs/msg_gen/cpp/include -I/opt/ros/diamondback/ros/core/roslib/msg_gen/cpp/include -I/opt/ros/diamondback/ros/core/roslib/include -I/opt/ros/diamondback/ros/tools/rospack -I/opt/ros/diamondback/ros/tools/rospack/include   -DROS_PACKAGE_NAME='"ssl_sim_refree"' -I/home/kadir/interconnection/workspace/robocup/system_design/robocup_ssl/ssl_comm_primitives/include/ -W -Wall -Wno-unused-parameter -fno-strict-aliasing -pthread -o CMakeFiles/ssl_sim_referee.dir/src/main.o -c /home/kadir/interconnection/workspace/robocup/system_design/robocup_ssl/ssl_sim_refree/src/main.cpp
/usr/bin/cmake -E cmake_progress_report /home/kadir/interconnection/workspace/robocup/system_design/robocup_ssl/ssl_sim_refree/build/CMakeFiles 2
[100%] Building CXX object CMakeFiles/ssl_sim_referee.dir/src/SSLSimReferee.o
/usr/bin/c++    -O2 -g -I/home/kadir/interconnection/workspace/robocup/system_design/robocup_ssl/ssl_sim_refree/include -I/home/kadir/interconnection/workspace/robocup/system_design/robocup_ssl/ssl_msgs/msg_gen/cpp/include -I/opt/ros/diamondback/stacks/common_msgs/geometry_msgs/msg_gen/cpp/include -I/opt/ros/diamondback/stacks/ros_comm/tools/rosbag/include -I/opt/ros/diamondback/stacks/ros_comm/tools/topic_tools/include -I/opt/ros/diamondback/stacks/ros_comm/tools/topic_tools/srv_gen/cpp/include -I/opt/ros/diamondback/stacks/ros_comm/tools/rostest/include -I/opt/ros/diamondback/stacks/ros_comm/clients/cpp/roscpp/include -I/opt/ros/diamondback/stacks/ros_comm/clients/cpp/roscpp/msg_gen/cpp/include -I/opt/ros/diamondback/stacks/ros_comm/clients/cpp/roscpp/srv_gen/cpp/include -I/opt/ros/diamondback/stacks/ros_comm/clients/cpp/roscpp_serialization/include -I/opt/ros/diamondback/stacks/ros_comm/clients/cpp/roscpp_traits/include -I/opt/ros/diamondback/stacks/ros_comm/utilities/xmlrpcpp/src -I/opt/ros/diamondback/stacks/ros_comm/messages/std_msgs/include -I/opt/ros/diamondback/stacks/ros_comm/messages/std_msgs/msg_gen/cpp/include -I/opt/ros/diamondback/stacks/ros_comm/tools/rosconsole/include -I/opt/ros/diamondback/stacks/ros_comm/utilities/rostime/include -I/opt/ros/diamondback/stacks/ros_comm/utilities/cpp_common/include -I/opt/ros/diamondback/stacks/ros_comm/messages/rosgraph_msgs/msg_gen/cpp/include -I/opt/ros/diamondback/ros/core/roslib/msg_gen/cpp/include -I/opt/ros/diamondback/ros/core/roslib/include -I/opt/ros/diamondback/ros/tools/rospack -I/opt/ros/diamondback/ros/tools/rospack/include   -DROS_PACKAGE_NAME='"ssl_sim_refree"' -I/home/kadir/interconnection/workspace/robocup/system_design/robocup_ssl/ssl_comm_primitives/include/ -W -Wall -Wno-unused-parameter -fno-strict-aliasing -pthread -o CMakeFiles/ssl_sim_referee.dir/src/SSLSimReferee.o -c /home/kadir/interconnection/workspace/robocup/system_design/robocup_ssl/ssl_sim_refree/src/SSLSimReferee.cpp
Linking CXX executable ../bin/ssl_sim_referee
/usr/bin/cmake -E cmake_link_script CMakeFiles/ssl_sim_referee.dir/link.txt --verbose=1
/usr/bin/c++   -O2 -g  -Wl,-rpath,/opt/ros/diamondback/stacks/ros_comm/tools/rosbag/lib -Wl,-rpath,/opt/ros/diamondback/stacks/ros_comm/tools/topic_tools/lib -Wl,-rpath,/opt/ros/diamondback/stacks/ros_comm/clients/cpp/roscpp/lib -Wl,-rpath,/opt/ros/diamondback/stacks/ros_comm/clients/cpp/roscpp_serialization/lib -Wl,-rpath,/opt/ros/diamondback/stacks/ros_comm/utilities/xmlrpcpp/lib -Wl,-rpath,/opt/ros/diamondback/stacks/ros_comm/tools/rosconsole/lib -Wl,-rpath,/opt/ros/diamondback/stacks/ros_comm/utilities/rostime/lib -Wl,-rpath,/opt/ros/diamondback/stacks/ros_comm/utilities/cpp_common/lib -Wl,-rpath,/opt/ros/diamondback/ros/core/roslib/lib -Wl,-rpath,/opt/ros/diamondback/ros/tools/rospack/lib -pthread CMakeFiles/ssl_sim_referee.dir/src/main.o CMakeFiles/ssl_sim_referee.dir/src/SSLSimReferee.o  -o ../bin/ssl_sim_referee -rdynamic -L/opt/ros/diamondback/stacks/ros_comm/tools/rosbag/lib -L/opt/ros/diamondback/stacks/ros_comm/tools/topic_tools/lib -L/opt/ros/diamondback/stacks/ros_comm/clients/cpp/roscpp/lib -L/opt/ros/diamondback/stacks/ros_comm/clients/cpp/roscpp_serialization/lib -L/opt/ros/diamondback/stacks/ros_comm/utilities/xmlrpcpp/lib -L/opt/ros/diamondback/stacks/ros_comm/tools/rosconsole/lib -L/opt/ros/diamondback/stacks/ros_comm/utilities/rostime/lib -L/opt/ros/diamondback/stacks/ros_comm/utilities/cpp_common/lib -L/opt/ros/diamondback/ros/core/roslib/lib -L/opt/ros/diamondback/ros/tools/rospack/lib -L/home/kadir/interconnection/workspace/robocup/system_design/robocup_ssl/ssl_comm_primitives/lib -lrosbag -ltopic_tools -lros -lboost_signals-mt -lroscpp_serialization -lXmlRpc -lrosconsole -lboost_thread-mt -llog4cxx -lrostime -lcpp_common -lroslib -lrospack -lrosstack /home/kadir/interconnection/workspace/robocup/system_design/robocup_ssl/ssl_comm_primitives/lib/libssl_comm_primitives.so -Wl,-rpath,/opt/ros/diamondback/stacks/ros_comm/tools/rosbag/lib:/opt/ros/diamondback/stacks/ros_comm/tools/topic_tools/lib:/opt/ros/diamondback/stacks/ros_comm/clients/cpp/roscpp/lib:/opt/ros/diamondback/stacks/ros_comm/clients/cpp/roscpp_serialization/lib:/opt/ros/diamondback/stacks/ros_comm/utilities/xmlrpcpp/lib:/opt/ros/diamondback/stacks/ros_comm/tools/rosconsole/lib:/opt/ros/diamondback/stacks/ros_comm/utilities/rostime/lib:/opt/ros/diamondback/stacks/ros_comm/utilities/cpp_common/lib:/opt/ros/diamondback/ros/core/roslib/lib:/opt/ros/diamondback/ros/tools/rospack/lib:/home/kadir/interconnection/workspace/robocup/system_design/robocup_ssl/ssl_comm_primitives/lib 
/home/kadir/interconnection/workspace/robocup/system_design/robocup_ssl/ssl_comm_primitives/lib/libssl_comm_primitives.so: undefined reference to `SSLGlobalStateSubscriber::callback(boost::shared_ptr<ssl_msgs::GlobalState_<std::allocator<void> > const> const&)'
make[3]: Leaving directory `/home/kadir/interconnection/workspace/robocup/system_design/robocup_ssl/ssl_sim_refree/build'
make[2]: Leaving directory `/home/kadir/interconnection/workspace/robocup/system_design/robocup_ssl/ssl_sim_refree/build'
make[1]: Leaving directory `/home/kadir/interconnection/workspace/robocup/system_design/robocup_ssl/ssl_sim_refree/build'
collect2: ld returned 1 exit status
make[3]: *** [../bin/ssl_sim_referee] Error 1
make[2]: *** [CMakeFiles/ssl_sim_referee.dir/all] Error 2
make[1]: *** [all] Error 2
make: *** [all] Error 2
