/usr/bin/make 
[ rosmake ] No package specified.  Building ['ssl_sim_visualizer']              
[ rosmake ] Packages requested are: ['ssl_sim_visualizer']                      
[ rosmake ] Logging to directory/home/kadir/.ros/rosmake/rosmake_output-20110320-203008
[ rosmake ] Expanded args ['ssl_sim_visualizer'] to:
['ssl_sim_visualizer']     
[ rosmake ] Checking rosdeps compliance for packages ssl_sim_visualizer.  This may take a few seconds.
[ rosmake ] rosdep check passed all system dependencies in packages             
[rosmake-0] Starting >>> rosbuild [ make ]                                      
[rosmake-0] Finished <<< rosbuild ROS_NOBUILD in package rosbuild
 No Makefile in package rosbuild
[rosmake-1] Starting >>> cpp_common [ make ]                                    
[rosmake-1] Finished <<< cpp_common ROS_NOBUILD in package cpp_common           
[rosmake-1] Starting >>> roscpp_traits [ make ]                                 
[rosmake-0] Starting >>> roslang [ make ]                                       
[rosmake-1] Finished <<< roscpp_traits ROS_NOBUILD in package roscpp_traits     
[rosmake-0] Finished <<< roslang ROS_NOBUILD in package roslang
 No Makefile in package roslang
[rosmake-1] Starting >>> rostime [ make ]                                       
[rosmake-1] Finished <<< rostime ROS_NOBUILD in package rostime                 
[rosmake-1] Starting >>> roscpp_serialization [ make ]                          
[rosmake-1] Finished <<< roscpp_serialization ROS_NOBUILD in package roscpp_serialization
[rosmake-1] Starting >>> roslib [ make ]                                        
[rosmake-1] Finished <<< roslib ROS_NOBUILD in package roslib                   
[rosmake-1] Starting >>> xmlrpcpp [ make ]                                      
[rosmake-1] Finished <<< xmlrpcpp ROS_NOBUILD in package xmlrpcpp               
[rosmake-1] Starting >>> rosconsole [ make ]                                    
[rosmake-1] Finished <<< rosconsole ROS_NOBUILD in package rosconsole           
[rosmake-1] Starting >>> std_msgs [ make ]                                      
[rosmake-1] Finished <<< std_msgs ROS_NOBUILD in package std_msgs               
[ rosmake ] [ make ] [ roslang: 0.0 sec ]            [ 1 Active 10/27 Complete ]
[rosmake-1] Starting >>> rosgraph_msgs [ make ]                                 
[rosmake-1] Finished <<< rosgraph_msgs ROS_NOBUILD in package rosgraph_msgs     
[rosmake-1] Starting >>> rosclean [ make ]                                      
[rosmake-1] Finished <<< rosclean ROS_NOBUILD in package rosclean               
[rosmake-1] Starting >>> rosgraph [ make ]                                      
[rosmake-1] Finished <<< rosgraph ROS_NOBUILD in package rosgraph               
[rosmake-1] Starting >>> rosmaster [ make ]                                     
[rosmake-1] Finished <<< rosmaster ROS_NOBUILD in package rosmaster             
[rosmake-1] Starting >>> rosunit [ make ]                                       
[rosmake-1] Finished <<< rosunit ROS_NOBUILD in package rosunit                 
[ rosmake ] [ make ] [ roslang: 0.1 sec ]            [ 1 Active 15/27 Complete ]
[rosmake-0] Starting >>> roscpp [ make ]                                        
[rosmake-0] Finished <<< roscpp ROS_NOBUILD in package roscpp                   
[rosmake-0] Starting >>> rospy [ make ]                                         
[rosmake-0] Finished <<< rospy ROS_NOBUILD in package rospy                     
[rosmake-0] Starting >>> rosout [ make ]                                        
[rosmake-0] Finished <<< rosout ROS_NOBUILD in package rosout                   
[rosmake-0] Starting >>> roslaunch [ make ]                                     
[rosmake-0] Finished <<< roslaunch ROS_NOBUILD in package roslaunch
 No Makefile in package roslaunch
[rosmake-0] Starting >>> rostest [ make ]                                       
[rosmake-0] Finished <<< rostest ROS_NOBUILD in package rostest                 
[rosmake-0] Starting >>> topic_tools [ make ]                                   
[rosmake-0] Finished <<< topic_tools ROS_NOBUILD in package topic_tools         
[rosmake-0] Starting >>> rosbag [ make ]                                        
[rosmake-0] Finished <<< rosbag ROS_NOBUILD in package rosbag                   
[rosmake-0] Starting >>> rosbagmigration [ make ]                               
[rosmake-0] Finished <<< rosbagmigration ROS_NOBUILD in package rosbagmigration
 No Makefile in package rosbagmigration
[rosmake-0] Starting >>> geometry_msgs [ make ]                                 
[rosmake-0] Finished <<< geometry_msgs ROS_NOBUILD in package geometry_msgs     
[rosmake-0] Starting >>> ssl_msgs [ make ]                                      
[rosmake-0] Finished <<< ssl_msgs ROS_NOBUILD in package ssl_msgs               
[rosmake-0] Starting >>> ssl_sim_visualizer [ make ]                            
[ rosmake ] [ make ] [ ssl_sim_visualizer: 0.1 sec ] [ 1 Active 26/27 Complete ]
[rosmake-0] Finished <<< ssl_sim_visualizer [PASS] [ 0.14 seconds ]             
[ rosmake ] Results:                                                            
[ rosmake ] Built 27 packages with 0 failures.                                  
[ rosmake ] Summary output to directory                                         
[ rosmake ] /home/kadir/.ros/rosmake/rosmake_output-20110320-203008             
