/usr/bin/make 
mkdir -p bin
cd build && cmake -Wdev -DCMAKE_TOOLCHAIN_FILE=`rospack find rosbuild`/rostoolchain.cmake  ..
[rosbuild] Building package ssl_path_planner
[rosbuild] Including /opt/ros/diamondback/stacks/ros_comm/clients/rospy/cmake/rospy.cmake
[rosbuild] Including /opt/ros/diamondback/stacks/ros_comm/clients/roslisp/cmake/roslisp.cmake
[rosbuild] Including /opt/ros/diamondback/stacks/ros_comm/clients/cpp/roscpp/cmake/roscpp.cmake
-- Configuring done
-- Generating done
-- Build files have been written to: /home/kadir/interconnection/workspace/robocup/system_design/robocup_ssl/ssl_path_planner/build
cd build && /usr/bin/make 
make[1]: Entering directory `/home/kadir/interconnection/workspace/robocup/system_design/robocup_ssl/ssl_path_planner/build'
/usr/bin/cmake -H/home/kadir/interconnection/workspace/robocup/system_design/robocup_ssl/ssl_path_planner -B/home/kadir/interconnection/workspace/robocup/system_design/robocup_ssl/ssl_path_planner/build --check-build-system CMakeFiles/Makefile.cmake 0
/usr/bin/cmake -E cmake_progress_start /home/kadir/interconnection/workspace/robocup/system_design/robocup_ssl/ssl_path_planner/build/CMakeFiles /home/kadir/interconnection/workspace/robocup/system_design/robocup_ssl/ssl_path_planner/build/CMakeFiles/progress.marks
/usr/bin/make -f CMakeFiles/Makefile2 all
make[2]: Entering directory `/home/kadir/interconnection/workspace/robocup/system_design/robocup_ssl/ssl_path_planner/build'
/usr/bin/make -f CMakeFiles/rospack_genmsg_libexe.dir/build.make CMakeFiles/rospack_genmsg_libexe.dir/depend
make[3]: Entering directory `/home/kadir/interconnection/workspace/robocup/system_design/robocup_ssl/ssl_path_planner/build'
cd /home/kadir/interconnection/workspace/robocup/system_design/robocup_ssl/ssl_path_planner/build && /usr/bin/cmake -E cmake_depends "Unix Makefiles" /home/kadir/interconnection/workspace/robocup/system_design/robocup_ssl/ssl_path_planner /home/kadir/interconnection/workspace/robocup/system_design/robocup_ssl/ssl_path_planner /home/kadir/interconnection/workspace/robocup/system_design/robocup_ssl/ssl_path_planner/build /home/kadir/interconnection/workspace/robocup/system_design/robocup_ssl/ssl_path_planner/build /home/kadir/interconnection/workspace/robocup/system_design/robocup_ssl/ssl_path_planner/build/CMakeFiles/rospack_genmsg_libexe.dir/DependInfo.cmake --color=
make[3]: Leaving directory `/home/kadir/interconnection/workspace/robocup/system_design/robocup_ssl/ssl_path_planner/build'
/usr/bin/make -f CMakeFiles/rospack_genmsg_libexe.dir/build.make CMakeFiles/rospack_genmsg_libexe.dir/build
make[3]: Entering directory `/home/kadir/interconnection/workspace/robocup/system_design/robocup_ssl/ssl_path_planner/build'
make[3]: Nothing to be done for `CMakeFiles/rospack_genmsg_libexe.dir/build'.
make[3]: Leaving directory `/home/kadir/interconnection/workspace/robocup/system_design/robocup_ssl/ssl_path_planner/build'
/usr/bin/cmake -E cmake_progress_report /home/kadir/interconnection/workspace/robocup/system_design/robocup_ssl/ssl_path_planner/build/CMakeFiles 
[  0%] Built target rospack_genmsg_libexe
/usr/bin/make -f CMakeFiles/rosbuild_precompile.dir/build.make CMakeFiles/rosbuild_precompile.dir/depend
make[3]: Entering directory `/home/kadir/interconnection/workspace/robocup/system_design/robocup_ssl/ssl_path_planner/build'
cd /home/kadir/interconnection/workspace/robocup/system_design/robocup_ssl/ssl_path_planner/build && /usr/bin/cmake -E cmake_depends "Unix Makefiles" /home/kadir/interconnection/workspace/robocup/system_design/robocup_ssl/ssl_path_planner /home/kadir/interconnection/workspace/robocup/system_design/robocup_ssl/ssl_path_planner /home/kadir/interconnection/workspace/robocup/system_design/robocup_ssl/ssl_path_planner/build /home/kadir/interconnection/workspace/robocup/system_design/robocup_ssl/ssl_path_planner/build /home/kadir/interconnection/workspace/robocup/system_design/robocup_ssl/ssl_path_planner/build/CMakeFiles/rosbuild_precompile.dir/DependInfo.cmake --color=
make[3]: Leaving directory `/home/kadir/interconnection/workspace/robocup/system_design/robocup_ssl/ssl_path_planner/build'
/usr/bin/make -f CMakeFiles/rosbuild_precompile.dir/build.make CMakeFiles/rosbuild_precompile.dir/build
make[3]: Entering directory `/home/kadir/interconnection/workspace/robocup/system_design/robocup_ssl/ssl_path_planner/build'
make[3]: Nothing to be done for `CMakeFiles/rosbuild_precompile.dir/build'.
make[3]: Leaving directory `/home/kadir/interconnection/workspace/robocup/system_design/robocup_ssl/ssl_path_planner/build'
/usr/bin/cmake -E cmake_progress_report /home/kadir/interconnection/workspace/robocup/system_design/robocup_ssl/ssl_path_planner/build/CMakeFiles 
[  0%] Built target rosbuild_precompile
/usr/bin/make -f CMakeFiles/ssl_path_planner.dir/build.make CMakeFiles/ssl_path_planner.dir/depend
make[3]: Entering directory `/home/kadir/interconnection/workspace/robocup/system_design/robocup_ssl/ssl_path_planner/build'
cd /home/kadir/interconnection/workspace/robocup/system_design/robocup_ssl/ssl_path_planner/build && /usr/bin/cmake -E cmake_depends "Unix Makefiles" /home/kadir/interconnection/workspace/robocup/system_design/robocup_ssl/ssl_path_planner /home/kadir/interconnection/workspace/robocup/system_design/robocup_ssl/ssl_path_planner /home/kadir/interconnection/workspace/robocup/system_design/robocup_ssl/ssl_path_planner/build /home/kadir/interconnection/workspace/robocup/system_design/robocup_ssl/ssl_path_planner/build /home/kadir/interconnection/workspace/robocup/system_design/robocup_ssl/ssl_path_planner/build/CMakeFiles/ssl_path_planner.dir/DependInfo.cmake --color=
Scanning dependencies of target ssl_path_planner
make[3]: Leaving directory `/home/kadir/interconnection/workspace/robocup/system_design/robocup_ssl/ssl_path_planner/build'
/usr/bin/make -f CMakeFiles/ssl_path_planner.dir/build.make CMakeFiles/ssl_path_planner.dir/build
make[3]: Entering directory `/home/kadir/interconnection/workspace/robocup/system_design/robocup_ssl/ssl_path_planner/build'
/usr/bin/cmake -E cmake_progress_report /home/kadir/interconnection/workspace/robocup/system_design/robocup_ssl/ssl_path_planner/build/CMakeFiles 2
[ 50%] Building CXX object CMakeFiles/ssl_path_planner.dir/src/SSLPathPlanner.o
/usr/bin/c++    -O2 -g -I/home/kadir/interconnection/workspace/robocup/system_design/robocup_ssl/ssl_path_planner/include -I/home/kadir/interconnection/workspace/robocup/system_design/robocup_ssl/ssl_msgs/msg_gen/cpp/include -I/opt/ros/diamondback/stacks/common_msgs/geometry_msgs/msg_gen/cpp/include -I/opt/ros/diamondback/stacks/ros_comm/tools/rosbag/include -I/opt/ros/diamondback/stacks/ros_comm/tools/topic_tools/include -I/opt/ros/diamondback/stacks/ros_comm/tools/topic_tools/srv_gen/cpp/include -I/opt/ros/diamondback/stacks/ros_comm/tools/rostest/include -I/opt/ros/diamondback/stacks/ros_comm/clients/cpp/roscpp/include -I/opt/ros/diamondback/stacks/ros_comm/clients/cpp/roscpp/msg_gen/cpp/include -I/opt/ros/diamondback/stacks/ros_comm/clients/cpp/roscpp/srv_gen/cpp/include -I/opt/ros/diamondback/stacks/ros_comm/clients/cpp/roscpp_serialization/include -I/opt/ros/diamondback/stacks/ros_comm/clients/cpp/roscpp_traits/include -I/opt/ros/diamondback/stacks/ros_comm/utilities/xmlrpcpp/src -I/opt/ros/diamondback/stacks/ros_comm/messages/std_msgs/include -I/opt/ros/diamondback/stacks/ros_comm/messages/std_msgs/msg_gen/cpp/include -I/opt/ros/diamondback/stacks/ros_comm/tools/rosconsole/include -I/opt/ros/diamondback/stacks/ros_comm/utilities/rostime/include -I/opt/ros/diamondback/stacks/ros_comm/utilities/cpp_common/include -I/opt/ros/diamondback/stacks/ros_comm/messages/rosgraph_msgs/msg_gen/cpp/include -I/opt/ros/diamondback/ros/core/roslib/msg_gen/cpp/include -I/opt/ros/diamondback/ros/core/roslib/include -I/opt/ros/diamondback/ros/tools/rospack -I/opt/ros/diamondback/ros/tools/rospack/include -I/opt/ros/diamondback/stacks/geometry/eigen/include   -DROS_PACKAGE_NAME='"ssl_path_planner"' -I/home/kadir/interconnection/workspace/robocup/system_design/robocup_ssl/ssl_comm_primitives/include/ -DEIGEN_USE_NEW_STDVECTOR -DEIGEN2_SUPPORT -W -Wall -Wno-unused-parameter -fno-strict-aliasing -pthread -o CMakeFiles/ssl_path_planner.dir/src/SSLPathPlanner.o -c /home/kadir/interconnection/workspace/robocup/system_design/robocup_ssl/ssl_path_planner/src/SSLPathPlanner.cpp
Linking CXX executable ../bin/ssl_path_planner
/usr/bin/cmake -E cmake_link_script CMakeFiles/ssl_path_planner.dir/link.txt --verbose=1
/usr/bin/c++   -O2 -g  -Wl,-rpath,/opt/ros/diamondback/stacks/ros_comm/tools/rosbag/lib -Wl,-rpath,/opt/ros/diamondback/stacks/ros_comm/tools/topic_tools/lib -Wl,-rpath,/opt/ros/diamondback/stacks/ros_comm/clients/cpp/roscpp/lib -Wl,-rpath,/opt/ros/diamondback/stacks/ros_comm/clients/cpp/roscpp_serialization/lib -Wl,-rpath,/opt/ros/diamondback/stacks/ros_comm/utilities/xmlrpcpp/lib -Wl,-rpath,/opt/ros/diamondback/stacks/ros_comm/tools/rosconsole/lib -Wl,-rpath,/opt/ros/diamondback/stacks/ros_comm/utilities/rostime/lib -Wl,-rpath,/opt/ros/diamondback/stacks/ros_comm/utilities/cpp_common/lib -Wl,-rpath,/opt/ros/diamondback/ros/core/roslib/lib -Wl,-rpath,/opt/ros/diamondback/ros/tools/rospack/lib -pthread CMakeFiles/ssl_path_planner.dir/src/main.o CMakeFiles/ssl_path_planner.dir/src/SSLPathPlanner.o  -o ../bin/ssl_path_planner -rdynamic -L/opt/ros/diamondback/stacks/ros_comm/tools/rosbag/lib -L/opt/ros/diamondback/stacks/ros_comm/tools/topic_tools/lib -L/opt/ros/diamondback/stacks/ros_comm/clients/cpp/roscpp/lib -L/opt/ros/diamondback/stacks/ros_comm/clients/cpp/roscpp_serialization/lib -L/opt/ros/diamondback/stacks/ros_comm/utilities/xmlrpcpp/lib -L/opt/ros/diamondback/stacks/ros_comm/tools/rosconsole/lib -L/opt/ros/diamondback/stacks/ros_comm/utilities/rostime/lib -L/opt/ros/diamondback/stacks/ros_comm/utilities/cpp_common/lib -L/opt/ros/diamondback/ros/core/roslib/lib -L/opt/ros/diamondback/ros/tools/rospack/lib -L/home/kadir/interconnection/workspace/robocup/system_design/robocup_ssl/ssl_comm_primitives/lib -lrosbag -ltopic_tools -lros -lboost_signals-mt -lroscpp_serialization -lXmlRpc -lrosconsole -lboost_thread-mt -llog4cxx -lrostime -lcpp_common -lroslib -lrospack -lrosstack /home/kadir/interconnection/workspace/robocup/system_design/robocup_ssl/ssl_comm_primitives/lib/libssl_comm_primitives.so -Wl,-rpath,/opt/ros/diamondback/stacks/ros_comm/tools/rosbag/lib:/opt/ros/diamondback/stacks/ros_comm/tools/topic_tools/lib:/opt/ros/diamondback/stacks/ros_comm/clients/cpp/roscpp/lib:/opt/ros/diamondback/stacks/ros_comm/clients/cpp/roscpp_serialization/lib:/opt/ros/diamondback/stacks/ros_comm/utilities/xmlrpcpp/lib:/opt/ros/diamondback/stacks/ros_comm/tools/rosconsole/lib:/opt/ros/diamondback/stacks/ros_comm/utilities/rostime/lib:/opt/ros/diamondback/stacks/ros_comm/utilities/cpp_common/lib:/opt/ros/diamondback/ros/core/roslib/lib:/opt/ros/diamondback/ros/tools/rospack/lib:/home/kadir/interconnection/workspace/robocup/system_design/robocup_ssl/ssl_comm_primitives/lib 
make[3]: Leaving directory `/home/kadir/interconnection/workspace/robocup/system_design/robocup_ssl/ssl_path_planner/build'
/usr/bin/cmake -E cmake_progress_report /home/kadir/interconnection/workspace/robocup/system_design/robocup_ssl/ssl_path_planner/build/CMakeFiles  1 2
[100%] Built target ssl_path_planner
make[2]: Leaving directory `/home/kadir/interconnection/workspace/robocup/system_design/robocup_ssl/ssl_path_planner/build'
/usr/bin/cmake -E cmake_progress_start /home/kadir/interconnection/workspace/robocup/system_design/robocup_ssl/ssl_path_planner/build/CMakeFiles 0
make[1]: Leaving directory `/home/kadir/interconnection/workspace/robocup/system_design/robocup_ssl/ssl_path_planner/build'
