/usr/bin/make 
/usr/bin/cmake -H/home/kadir/interconnection/workspace/robocup/system_design/robocup_ssl/ssl_sim_referee -B/home/kadir/interconnection/workspace/robocup/system_design/robocup_ssl/ssl_sim_referee --check-build-system CMakeFiles/Makefile.cmake 0
/usr/bin/cmake -E cmake_progress_start /home/kadir/interconnection/workspace/robocup/system_design/robocup_ssl/ssl_sim_referee/CMakeFiles /home/kadir/interconnection/workspace/robocup/system_design/robocup_ssl/ssl_sim_referee/CMakeFiles/progress.marks
/usr/bin/make -f CMakeFiles/Makefile2 all
make[1]: Entering directory `/home/kadir/interconnection/workspace/robocup/system_design/robocup_ssl/ssl_sim_referee'
/usr/bin/make -f CMakeFiles/rospack_genmsg_libexe.dir/build.make CMakeFiles/rospack_genmsg_libexe.dir/depend
make[2]: Entering directory `/home/kadir/interconnection/workspace/robocup/system_design/robocup_ssl/ssl_sim_referee'
cd /home/kadir/interconnection/workspace/robocup/system_design/robocup_ssl/ssl_sim_referee && /usr/bin/cmake -E cmake_depends "Unix Makefiles" /home/kadir/interconnection/workspace/robocup/system_design/robocup_ssl/ssl_sim_referee /home/kadir/interconnection/workspace/robocup/system_design/robocup_ssl/ssl_sim_referee /home/kadir/interconnection/workspace/robocup/system_design/robocup_ssl/ssl_sim_referee /home/kadir/interconnection/workspace/robocup/system_design/robocup_ssl/ssl_sim_referee /home/kadir/interconnection/workspace/robocup/system_design/robocup_ssl/ssl_sim_referee/CMakeFiles/rospack_genmsg_libexe.dir/DependInfo.cmake --color=
make[2]: Leaving directory `/home/kadir/interconnection/workspace/robocup/system_design/robocup_ssl/ssl_sim_referee'
/usr/bin/make -f CMakeFiles/rospack_genmsg_libexe.dir/build.make CMakeFiles/rospack_genmsg_libexe.dir/build
make[2]: Entering directory `/home/kadir/interconnection/workspace/robocup/system_design/robocup_ssl/ssl_sim_referee'
make[2]: Nothing to be done for `CMakeFiles/rospack_genmsg_libexe.dir/build'.
make[2]: Leaving directory `/home/kadir/interconnection/workspace/robocup/system_design/robocup_ssl/ssl_sim_referee'
/usr/bin/cmake -E cmake_progress_report /home/kadir/interconnection/workspace/robocup/system_design/robocup_ssl/ssl_sim_referee/CMakeFiles 
[  0%] Built target rospack_genmsg_libexe
/usr/bin/make -f CMakeFiles/rosbuild_precompile.dir/build.make CMakeFiles/rosbuild_precompile.dir/depend
make[2]: Entering directory `/home/kadir/interconnection/workspace/robocup/system_design/robocup_ssl/ssl_sim_referee'
cd /home/kadir/interconnection/workspace/robocup/system_design/robocup_ssl/ssl_sim_referee && /usr/bin/cmake -E cmake_depends "Unix Makefiles" /home/kadir/interconnection/workspace/robocup/system_design/robocup_ssl/ssl_sim_referee /home/kadir/interconnection/workspace/robocup/system_design/robocup_ssl/ssl_sim_referee /home/kadir/interconnection/workspace/robocup/system_design/robocup_ssl/ssl_sim_referee /home/kadir/interconnection/workspace/robocup/system_design/robocup_ssl/ssl_sim_referee /home/kadir/interconnection/workspace/robocup/system_design/robocup_ssl/ssl_sim_referee/CMakeFiles/rosbuild_precompile.dir/DependInfo.cmake --color=
make[2]: Leaving directory `/home/kadir/interconnection/workspace/robocup/system_design/robocup_ssl/ssl_sim_referee'
/usr/bin/make -f CMakeFiles/rosbuild_precompile.dir/build.make CMakeFiles/rosbuild_precompile.dir/build
make[2]: Entering directory `/home/kadir/interconnection/workspace/robocup/system_design/robocup_ssl/ssl_sim_referee'
make[2]: Nothing to be done for `CMakeFiles/rosbuild_precompile.dir/build'.
make[2]: Leaving directory `/home/kadir/interconnection/workspace/robocup/system_design/robocup_ssl/ssl_sim_referee'
/usr/bin/cmake -E cmake_progress_report /home/kadir/interconnection/workspace/robocup/system_design/robocup_ssl/ssl_sim_referee/CMakeFiles 
[  0%] Built target rosbuild_precompile
/usr/bin/make -f CMakeFiles/ssl_sim_referee.dir/build.make CMakeFiles/ssl_sim_referee.dir/depend
make[2]: Entering directory `/home/kadir/interconnection/workspace/robocup/system_design/robocup_ssl/ssl_sim_referee'
cd /home/kadir/interconnection/workspace/robocup/system_design/robocup_ssl/ssl_sim_referee && /usr/bin/cmake -E cmake_depends "Unix Makefiles" /home/kadir/interconnection/workspace/robocup/system_design/robocup_ssl/ssl_sim_referee /home/kadir/interconnection/workspace/robocup/system_design/robocup_ssl/ssl_sim_referee /home/kadir/interconnection/workspace/robocup/system_design/robocup_ssl/ssl_sim_referee /home/kadir/interconnection/workspace/robocup/system_design/robocup_ssl/ssl_sim_referee /home/kadir/interconnection/workspace/robocup/system_design/robocup_ssl/ssl_sim_referee/CMakeFiles/ssl_sim_referee.dir/DependInfo.cmake --color=
make[2]: Leaving directory `/home/kadir/interconnection/workspace/robocup/system_design/robocup_ssl/ssl_sim_referee'
/usr/bin/make -f CMakeFiles/ssl_sim_referee.dir/build.make CMakeFiles/ssl_sim_referee.dir/build
make[2]: Entering directory `/home/kadir/interconnection/workspace/robocup/system_design/robocup_ssl/ssl_sim_referee'
Linking CXX executable bin/ssl_sim_referee
/usr/bin/cmake -E cmake_link_script CMakeFiles/ssl_sim_referee.dir/link.txt --verbose=1
/usr/bin/c++   -O2 -g  -Wl,-rpath,/opt/ros/diamondback/stacks/ros_comm/tools/rosbag/lib -Wl,-rpath,/opt/ros/diamondback/stacks/ros_comm/tools/topic_tools/lib -Wl,-rpath,/opt/ros/diamondback/stacks/ros_comm/clients/cpp/roscpp/lib -Wl,-rpath,/opt/ros/diamondback/stacks/ros_comm/clients/cpp/roscpp_serialization/lib -Wl,-rpath,/opt/ros/diamondback/stacks/ros_comm/utilities/xmlrpcpp/lib -Wl,-rpath,/opt/ros/diamondback/stacks/ros_comm/tools/rosconsole/lib -Wl,-rpath,/opt/ros/diamondback/stacks/ros_comm/utilities/rostime/lib -Wl,-rpath,/opt/ros/diamondback/stacks/ros_comm/utilities/cpp_common/lib -Wl,-rpath,/opt/ros/diamondback/ros/core/roslib/lib -Wl,-rpath,/opt/ros/diamondback/ros/tools/rospack/lib -pthread CMakeFiles/ssl_sim_referee.dir/src/main.o CMakeFiles/ssl_sim_referee.dir/src/SSLSimReferee.o  -o bin/ssl_sim_referee -rdynamic -L/opt/ros/diamondback/stacks/ros_comm/tools/rosbag/lib -L/opt/ros/diamondback/stacks/ros_comm/tools/topic_tools/lib -L/opt/ros/diamondback/stacks/ros_comm/clients/cpp/roscpp/lib -L/opt/ros/diamondback/stacks/ros_comm/clients/cpp/roscpp_serialization/lib -L/opt/ros/diamondback/stacks/ros_comm/utilities/xmlrpcpp/lib -L/opt/ros/diamondback/stacks/ros_comm/tools/rosconsole/lib -L/opt/ros/diamondback/stacks/ros_comm/utilities/rostime/lib -L/opt/ros/diamondback/stacks/ros_comm/utilities/cpp_common/lib -L/opt/ros/diamondback/ros/core/roslib/lib -L/opt/ros/diamondback/ros/tools/rospack/lib -L/home/kadir/interconnection/workspace/robocup/system_design/robocup_ssl/ssl_comm_primitives/lib -lrosbag -ltopic_tools -lros -lboost_signals-mt -lroscpp_serialization -lXmlRpc -lrosconsole -lboost_thread-mt -llog4cxx -lrostime -lcpp_common -lroslib -lrospack -lrosstack /home/kadir/interconnection/workspace/robocup/system_design/robocup_ssl/ssl_comm_primitives/lib/libssl_comm_primitives.so -Wl,-rpath,/opt/ros/diamondback/stacks/ros_comm/tools/rosbag/lib:/opt/ros/diamondback/stacks/ros_comm/tools/topic_tools/lib:/opt/ros/diamondback/stacks/ros_comm/clients/cpp/roscpp/lib:/opt/ros/diamondback/stacks/ros_comm/clients/cpp/roscpp_serialization/lib:/opt/ros/diamondback/stacks/ros_comm/utilities/xmlrpcpp/lib:/opt/ros/diamondback/stacks/ros_comm/tools/rosconsole/lib:/opt/ros/diamondback/stacks/ros_comm/utilities/rostime/lib:/opt/ros/diamondback/stacks/ros_comm/utilities/cpp_common/lib:/opt/ros/diamondback/ros/core/roslib/lib:/opt/ros/diamondback/ros/tools/rospack/lib:/home/kadir/interconnection/workspace/robocup/system_design/robocup_ssl/ssl_comm_primitives/lib 
make[2]: Leaving directory `/home/kadir/interconnection/workspace/robocup/system_design/robocup_ssl/ssl_sim_referee'
/usr/bin/cmake -E cmake_progress_report /home/kadir/interconnection/workspace/robocup/system_design/robocup_ssl/ssl_sim_referee/CMakeFiles  1 2
[100%] Built target ssl_sim_referee
make[1]: Leaving directory `/home/kadir/interconnection/workspace/robocup/system_design/robocup_ssl/ssl_sim_referee'
/usr/bin/cmake -E cmake_progress_start /home/kadir/interconnection/workspace/robocup/system_design/robocup_ssl/ssl_sim_referee/CMakeFiles 0
